# JRE version: Java(TM) SE Runtime Environment (21.0.1+12) (build 21.0.1+12-LTS-29)
# Java VM: Java HotSpot(TM) 64-Bit Server VM (21.0.1+12-LTS-29, mixed mode, sharing, tiered, compressed oops, compressed class ptrs, g1 gc, windows-amd64)
GC Precious Log:
 CardTable entry size: 512
 Card Set container configuration: InlinePtr #cards 3 size 8 Array Of Cards #cards 128 size 272 Howl #buckets 8 coarsen threshold 29491 Howl Bitmap #cards 4096 size 528 coarsen threshold 3686 Card regions per heap region 1 cards per card region 32768
 CPUs: 12 total, 12 available
 Memory: 15775M
 Large Page Support: Disabled
 NUMA Support: Disabled
 Compressed Oops: Enabled (Zero based)
 Heap Region Size: 16M
 Heap Min Capacity: 16M
 Heap Initial Capacity: 256M
 Heap Max Capacity: 20G
 Pre-touch: Disabled
 Parallel Workers: 10
 Concurrent Workers: 3
 Concurrent Refinement Workers: 10
 Periodic GC: Disabled
Heap:
 garbage-first heap   total 7520256K, used 4801423K [0x0000000300000000, 0x0000000800000000)
  region size 16384K, 18 young (294912K), 2 survivors (32768K)
 Metaspace       used 144765K, committed 146432K, reserved 1179648K
  class space    used 18806K, committed 19520K, reserved 1048576K
GC Heap History (20 events):
Event: 12777.601 GC heap before
{Heap before GC invocations=440 (full 7):
 garbage-first heap   total 6619136K, used 3485011K [0x0000000300000000, 0x0000000800000000)
  region size 16384K, 25 young (409600K), 7 survivors (114688K)
 Metaspace       used 144472K, committed 145984K, reserved 1179648K
  class space    used 18780K, committed 19456K, reserved 1048576K
}
Event: 12777.616 GC heap after
{Heap after GC invocations=441 (full 7):
 garbage-first heap   total 6619136K, used 3165207K [0x0000000300000000, 0x0000000800000000)
  region size 16384K, 6 young (98304K), 6 survivors (98304K)
 Metaspace       used 144472K, committed 145984K, reserved 1179648K
  class space    used 18780K, committed 19456K, reserved 1048576K
}
Event: 12821.807 GC heap before
{Heap before GC invocations=442 (full 7):
 garbage-first heap   total 6619136K, used 6212631K [0x0000000300000000, 0x0000000800000000)
  region size 16384K, 176 young (2883584K), 6 survivors (98304K)
 Metaspace       used 144472K, committed 145984K, reserved 1179648K
  class space    used 18780K, committed 19456K, reserved 1048576K
}
Event: 12821.817 GC heap after
{Heap after GC invocations=443 (full 7):
 garbage-first heap   total 6619136K, used 3159399K [0x0000000300000000, 0x0000000800000000)
  region size 16384K, 4 young (65536K), 4 survivors (65536K)
 Metaspace       used 144472K, committed 145984K, reserved 1179648K
  class space    used 18780K, committed 19456K, reserved 1048576K
}
Event: 12854.574 GC heap before
{Heap before GC invocations=443 (full 7):
 garbage-first heap   total 6619136K, used 6255975K [0x0000000300000000, 0x0000000800000000)
  region size 16384K, 178 young (2916352K), 4 survivors (65536K)
 Metaspace       used 144472K, committed 145984K, reserved 1179648K
  class space    used 18780K, committed 19456K, reserved 1048576K
}
Event: 12854.625 GC heap after
{Heap after GC invocations=444 (full 7):
 garbage-first heap   total 6619136K, used 3169568K [0x0000000300000000, 0x0000000800000000)
  region size 16384K, 5 young (81920K), 5 survivors (81920K)
 Metaspace       used 144472K, committed 145984K, reserved 1179648K
  class space    used 18780K, committed 19456K, reserved 1048576K
}
Event: 12854.625 GC heap before
{Heap before GC invocations=444 (full 7):
 garbage-first heap   total 6619136K, used 3185952K [0x0000000300000000, 0x0000000800000000)
  region size 16384K, 7 young (114688K), 5 survivors (81920K)
 Metaspace       used 144472K, committed 145984K, reserved 1179648K
  class space    used 18780K, committed 19456K, reserved 1048576K
}
Event: 12854.636 GC heap after
{Heap after GC invocations=445 (full 7):
 garbage-first heap   total 6619136K, used 3169591K [0x0000000300000000, 0x0000000800000000)
  region size 16384K, 5 young (81920K), 5 survivors (81920K)
 Metaspace       used 144472K, committed 145984K, reserved 1179648K
  class space    used 18780K, committed 19456K, reserved 1048576K
}
Event: 12982.428 GC heap before
{Heap before GC invocations=446 (full 7):
 garbage-first heap   total 6619136K, used 6446391K [0x0000000300000000, 0x0000000800000000)
  region size 16384K, 184 young (3014656K), 5 survivors (81920K)
 Metaspace       used 144516K, committed 146048K, reserved 1179648K
  class space    used 18785K, committed 19456K, reserved 1048576K
}
Event: 12982.448 GC heap after
{Heap after GC invocations=447 (full 7):
 garbage-first heap   total 6619136K, used 3314225K [0x0000000300000000, 0x0000000800000000)
  region size 16384K, 3 young (49152K), 3 survivors (49152K)
 Metaspace       used 144516K, committed 146048K, reserved 1179648K
  class space    used 18785K, committed 19456K, reserved 1048576K
}
Event: 12984.557 GC heap before
{Heap before GC invocations=447 (full 7):
 garbage-first heap   total 6619136K, used 6509105K [0x0000000300000000, 0x0000000800000000)
  region size 16384K, 167 young (2736128K), 3 survivors (49152K)
 Metaspace       used 144523K, committed 146112K, reserved 1179648K
  class space    used 18786K, committed 19456K, reserved 1048576K
}
Event: 12984.650 GC heap after
{Heap after GC invocations=448 (full 7):
 garbage-first heap   total 6881280K, used 3464312K [0x0000000300000000, 0x0000000800000000)
  region size 16384K, 12 young (196608K), 12 survivors (196608K)
 Metaspace       used 144523K, committed 146112K, reserved 1179648K
  class space    used 18786K, committed 19456K, reserved 1048576K
}
Event: 12984.785 GC heap before
{Heap before GC invocations=448 (full 7):
 garbage-first heap   total 6881280K, used 3988600K [0x0000000300000000, 0x0000000800000000)
  region size 16384K, 46 young (753664K), 12 survivors (196608K)
 Metaspace       used 144523K, committed 146112K, reserved 1179648K
  class space    used 18786K, committed 19456K, reserved 1048576K
}
Event: 12984.810 GC heap after
{Heap after GC invocations=449 (full 7):
 garbage-first heap   total 6881280K, used 3494008K [0x0000000300000000, 0x0000000800000000)
  region size 16384K, 14 young (229376K), 14 survivors (229376K)
 Metaspace       used 144523K, committed 146112K, reserved 1179648K
  class space    used 18786K, committed 19456K, reserved 1048576K
}
Event: 13817.325 GC heap before
{Heap before GC invocations=450 (full 7):
 garbage-first heap   total 6979584K, used 6869112K [0x0000000300000000, 0x0000000800000000)
  region size 16384K, 153 young (2506752K), 14 survivors (229376K)
 Metaspace       used 144635K, committed 146176K, reserved 1179648K
  class space    used 18797K, committed 19456K, reserved 1048576K
}
Event: 13817.443 GC heap after
{Heap after GC invocations=451 (full 7):
 garbage-first heap   total 7520256K, used 4635776K [0x0000000300000000, 0x0000000800000000)
  region size 16384K, 23 young (376832K), 23 survivors (376832K)
 Metaspace       used 144635K, committed 146176K, reserved 1179648K
  class space    used 18797K, committed 19456K, reserved 1048576K
}
Event: 13841.353 GC heap before
{Heap before GC invocations=451 (full 7):
 garbage-first heap   total 7520256K, used 6683776K [0x0000000300000000, 0x0000000800000000)
  region size 16384K, 147 young (2408448K), 23 survivors (376832K)
 Metaspace       used 144720K, committed 146368K, reserved 1179648K
  class space    used 18807K, committed 19520K, reserved 1048576K
}
Event: 13841.435 GC heap after
{Heap after GC invocations=452 (full 7):
 garbage-first heap   total 7520256K, used 4725245K [0x0000000300000000, 0x0000000800000000)
  region size 16384K, 5 young (81920K), 5 survivors (81920K)
 Metaspace       used 144720K, committed 146368K, reserved 1179648K
  class space    used 18807K, committed 19520K, reserved 1048576K
}
Event: 13978.696 GC heap before
{Heap before GC invocations=452 (full 7):
 garbage-first heap   total 7520256K, used 6871549K [0x0000000300000000, 0x0000000800000000)
  region size 16384K, 137 young (2244608K), 5 survivors (81920K)
 Metaspace       used 144765K, committed 146432K, reserved 1179648K
  class space    used 18808K, committed 19520K, reserved 1048576K
}
Event: 13979.932 GC heap after
{Heap after GC invocations=453 (full 7):
 garbage-first heap   total 7520256K, used 4686735K [0x0000000300000000, 0x0000000800000000)
  region size 16384K, 2 young (32768K), 2 survivors (32768K)
 Metaspace       used 144765K, committed 146432K, reserved 1179648K
  class space    used 18808K, committed 19520K, reserved 1048576K
}

